-------------------------------------------------------------------------------
Test set: com.faeterj.edu.br.AV15TAV.TESTES.testeFuncionario
-------------------------------------------------------------------------------
Tests run: 1, Failures: 1, Errors: 0, Skipped: 0, Time elapsed: 0.061 s <<< FAILURE! - in com.faeterj.edu.br.AV15TAV.TESTES.testeFuncionario
testMaisDe5Dependentes  Time elapsed: 0.054 s  <<< FAILURE!
org.opentest4j.AssertionFailedError: expected: <true> but was: <false>
	at com.faeterj.edu.br.AV15TAV.TESTES.testeFuncionario.testMaisDe5Dependentes(testeFuncionario.java:57)

